Using pre-set license
Built from '2020.2/staging' branch; Version is '2020.2.6f1 (8a2143876886) revision 9052483'; Using compiler version '192528614'; Build Type 'Release'
OS: 'Windows 10 Home; OS build 19041.928; Version 2004; 64bit' Language: 'en' Physical Memory: 12122 MB
BatchMode: 1, IsHumanControllingUs: 0, StartBugReporterOnCrash: 0, Is64bit: 1, IsPro: 0

 COMMAND LINE ARGUMENTS:
C:\Program Files\Unity\Editors\2020.2.6f1\Editor\Unity.exe
-adb2
-batchMode
-noUpm
-name
AssetImportWorker0
-projectPath
C:/Users/iank1/OneDrive/Desktop/Projects/Unity/LD48/LD48/Fallentine
-logFile
Logs/AssetImportWorker0.log
-srvPort
57819
Successfully changed project path to: C:/Users/iank1/OneDrive/Desktop/Projects/Unity/LD48/LD48/Fallentine
C:/Users/iank1/OneDrive/Desktop/Projects/Unity/LD48/LD48/Fallentine
Using Asset Import Pipeline V2.
Refreshing native plugins compatible for Editor in 42.45 ms, found 1 plugins.
Preloading 0 native plugins for Editor in 0.00 ms.
Initialize engine version: 2020.2.6f1 (8a2143876886)
[Subsystems] Discovering subsystems at path C:/Program Files/Unity/Editors/2020.2.6f1/Editor/Data/Resources/UnitySubsystems
[Subsystems] Discovering subsystems at path C:/Users/iank1/OneDrive/Desktop/Projects/Unity/LD48/LD48/Fallentine/Assets
GfxDevice: creating device client; threaded=0
Direct3D:
    Version:  Direct3D 11.0 [level 11.1]
    Renderer: NVIDIA GeForce MX150 (ID=0x1d10)
    Vendor:   
    VRAM:     1983 MB
    Driver:   27.21.14.5763
Initialize mono
Mono path[0] = 'C:/Program Files/Unity/Editors/2020.2.6f1/Editor/Data/Managed'
Mono path[1] = 'C:/Program Files/Unity/Editors/2020.2.6f1/Editor/Data/MonoBleedingEdge/lib/mono/unityjit'
Mono config path = 'C:/Program Files/Unity/Editors/2020.2.6f1/Editor/Data/MonoBleedingEdge/etc'
Using monoOptions --debugger-agent=transport=dt_socket,embedding=1,server=y,suspend=n,address=127.0.0.1:56656
Begin MonoManager ReloadAssembly
Registering precompiled unity dll's ...
Register platform support module: C:/Program Files/Unity/Editors/2020.2.6f1/Editor/Data/PlaybackEngines/WebGLSupport/UnityEditor.WebGL.Extensions.dll
Register platform support module: C:/Program Files/Unity/Editors/2020.2.6f1/Editor/Data/PlaybackEngines/WindowsStandaloneSupport/UnityEditor.WindowsStandalone.Extensions.dll
Registered in 0.002880 seconds.
Native extension for WindowsStandalone target not found
Native extension for WebGL target not found
Refreshing native plugins compatible for Editor in 42.49 ms, found 1 plugins.
Preloading 0 native plugins for Editor in 0.00 ms.
Invoked RoslynAnalysisRunner static constructor.
RoslynAnalysisRunner will not be running.
RoslynAnalysisRunner has terminated.
Mono: successfully reloaded assembly
- Completed reload, in  1.342 seconds
Platform modules already initialized, skipping
Registering precompiled user dll's ...
Registered in 0.001172 seconds.
Begin MonoManager ReloadAssembly
Native extension for WindowsStandalone target not found
Native extension for WebGL target not found
Refreshing native plugins compatible for Editor in 41.19 ms, found 1 plugins.
Preloading 0 native plugins for Editor in 0.00 ms.
Invoked RoslynAnalysisRunner static constructor.
RoslynAnalysisRunner will not be running.
RoslynAnalysisRunner has terminated.
Mono: successfully reloaded assembly
- Completed reload, in  1.072 seconds
Platform modules already initialized, skipping
========================================================================
Worker process is ready to serve import requests
Launched and connected shader compiler UnityShaderCompiler.exe after 0.05 seconds
Refreshing native plugins compatible for Editor in 0.50 ms, found 1 plugins.
Preloading 0 native plugins for Editor in 0.00 ms.
Unloading 2108 Unused Serialized files (Serialized files now loaded: 0)
System memory in use before: 95.5 MB.
System memory in use after: 95.5 MB.

Unloading 26 unused Assets to reduce memory usage. Loaded Objects now: 2553.
Total: 3.811700 ms (FindLiveObjects: 0.233000 ms CreateObjectMapping: 0.101000 ms MarkObjects: 3.261700 ms  DeleteObjects: 0.214700 ms)

========================================================================
Received Import Request.
  path: Assets/Prefabs/PlayerControl.prefab
  artifactKey: Guid(ae873b504c7efbe4aaab849238296a19) Importer(815301076,1909f56bfc062723c751e8b465ee728b)
Start importing Assets/Prefabs/PlayerControl.prefab using Guid(ae873b504c7efbe4aaab849238296a19) Importer(815301076,1909f56bfc062723c751e8b465ee728b)  -> (artifact id: '7075083f4a64abcd462f824ef7eb7b80') in 0.128586 seconds
  Import took 0.133574 seconds .

========================================================================
Received Import Request.
  Time since last request: 0.000355 seconds.
  path: Assets/Prefabs/BalloonGoon.prefab
  artifactKey: Guid(3b2b63900bb750745aadc3923db94df4) Importer(815301076,1909f56bfc062723c751e8b465ee728b)
Start importing Assets/Prefabs/BalloonGoon.prefab using Guid(3b2b63900bb750745aadc3923db94df4) Importer(815301076,1909f56bfc062723c751e8b465ee728b)  -> (artifact id: '0aa65f1b0cd9da7e913b111a51604f31') in 0.019176 seconds
  Import took 0.023292 seconds .

========================================================================
Received Import Request.
  Time since last request: 0.000377 seconds.
  path: Assets/Prefabs/UmbrellaGoon Variant.prefab
  artifactKey: Guid(9eea1c7733084554eac8debc353d4127) Importer(815301076,1909f56bfc062723c751e8b465ee728b)
Start importing Assets/Prefabs/UmbrellaGoon Variant.prefab using Guid(9eea1c7733084554eac8debc353d4127) Importer(815301076,1909f56bfc062723c751e8b465ee728b)  -> (artifact id: '1c75b4bbc993b873ac3c041ded818def') in 0.028718 seconds
  Import took 0.033060 seconds .

========================================================================
Received Import Request.
  Time since last request: 0.000303 seconds.
  path: Assets/Prefabs/Bomb.prefab
  artifactKey: Guid(7b3b402b2ad7756428c4d8e0fa450db9) Importer(815301076,1909f56bfc062723c751e8b465ee728b)
Start importing Assets/Prefabs/Bomb.prefab using Guid(7b3b402b2ad7756428c4d8e0fa450db9) Importer(815301076,1909f56bfc062723c751e8b465ee728b)  -> (artifact id: '8d49255dc061c526d28ffbba5614885e') in 0.035071 seconds
  Import took 0.043669 seconds .

========================================================================
Received Import Request.
  Time since last request: 0.000262 seconds.
  path: Assets/Prefabs/HeartBox.prefab
  artifactKey: Guid(ed5a5f6671cf5ec4c91dac837f1d6a9b) Importer(815301076,1909f56bfc062723c751e8b465ee728b)
Start importing Assets/Prefabs/HeartBox.prefab using Guid(ed5a5f6671cf5ec4c91dac837f1d6a9b) Importer(815301076,1909f56bfc062723c751e8b465ee728b)  -> (artifact id: 'b07f81518bfedcd5286a374a3dafc366') in 0.019821 seconds
  Import took 0.025330 seconds .

========================================================================
Received Import Request.
  Time since last request: 0.000665 seconds.
  path: Assets/Prefabs/asteroid.prefab
  artifactKey: Guid(86eff61f7eda1bf46a34f3170c853227) Importer(815301076,1909f56bfc062723c751e8b465ee728b)
Start importing Assets/Prefabs/asteroid.prefab using Guid(86eff61f7eda1bf46a34f3170c853227) Importer(815301076,1909f56bfc062723c751e8b465ee728b)  -> (artifact id: 'cc90182324348d7346a4264ad7410494') in 0.193921 seconds
  Import took 0.203267 seconds .

========================================================================
Received Prepare
Registering precompiled user dll's ...
Registered in 0.001775 seconds.
Begin MonoManager ReloadAssembly
Native extension for WindowsStandalone target not found
Native extension for WebGL target not found
Refreshing native plugins compatible for Editor in 0.52 ms, found 1 plugins.
Preloading 0 native plugins for Editor in 0.00 ms.
Invoked RoslynAnalysisRunner static constructor.
RoslynAnalysisRunner will not be running.
RoslynAnalysisRunner has terminated.
Mono: successfully reloaded assembly
- Completed reload, in  1.187 seconds
Platform modules already initialized, skipping
Refreshing native plugins compatible for Editor in 0.44 ms, found 1 plugins.
Preloading 0 native plugins for Editor in 0.00 ms.
Unloading 2103 Unused Serialized files (Serialized files now loaded: 0)
System memory in use before: 98.6 MB.
System memory in use after: 98.6 MB.

Unloading 12 unused Assets to reduce memory usage. Loaded Objects now: 2563.
Total: 2.901800 ms (FindLiveObjects: 0.479500 ms CreateObjectMapping: 0.234400 ms MarkObjects: 2.044800 ms  DeleteObjects: 0.141900 ms)

========================================================================
Received Import Request.
  Time since last request: 137.746623 seconds.
  path: Assets/Prefabs/PlayerControl.prefab
  artifactKey: Guid(ae873b504c7efbe4aaab849238296a19) Importer(815301076,1909f56bfc062723c751e8b465ee728b)
Start importing Assets/Prefabs/PlayerControl.prefab using Guid(ae873b504c7efbe4aaab849238296a19) Importer(815301076,1909f56bfc062723c751e8b465ee728b)  -> (artifact id: '076bd36419c16a828cca973f95f8e60a') in 0.087103 seconds
  Import took 0.092517 seconds .

========================================================================
Received Import Request.
  Time since last request: 0.000353 seconds.
  path: Assets/Prefabs/BalloonGoon.prefab
  artifactKey: Guid(3b2b63900bb750745aadc3923db94df4) Importer(815301076,1909f56bfc062723c751e8b465ee728b)
Start importing Assets/Prefabs/BalloonGoon.prefab using Guid(3b2b63900bb750745aadc3923db94df4) Importer(815301076,1909f56bfc062723c751e8b465ee728b)  -> (artifact id: '270fa0efd66f157f59a53e425bb89626') in 0.023378 seconds
  Import took 0.032025 seconds .

========================================================================
Received Import Request.
  Time since last request: 0.000345 seconds.
  path: Assets/Prefabs/UmbrellaGoon Variant.prefab
  artifactKey: Guid(9eea1c7733084554eac8debc353d4127) Importer(815301076,1909f56bfc062723c751e8b465ee728b)
Start importing Assets/Prefabs/UmbrellaGoon Variant.prefab using Guid(9eea1c7733084554eac8debc353d4127) Importer(815301076,1909f56bfc062723c751e8b465ee728b)  -> (artifact id: '9b88c9fe7e1705923dfe42a2575b5393') in 0.021044 seconds
  Import took 0.027838 seconds .

========================================================================
Received Import Request.
  Time since last request: 0.000370 seconds.
  path: Assets/Prefabs/Bomb.prefab
  artifactKey: Guid(7b3b402b2ad7756428c4d8e0fa450db9) Importer(815301076,1909f56bfc062723c751e8b465ee728b)
Start importing Assets/Prefabs/Bomb.prefab using Guid(7b3b402b2ad7756428c4d8e0fa450db9) Importer(815301076,1909f56bfc062723c751e8b465ee728b)  -> (artifact id: '32c6e0c1a14e0e13509fc51ff3cab3f0') in 0.020723 seconds
  Import took 0.027117 seconds .

========================================================================
Received Import Request.
  Time since last request: 0.000245 seconds.
  path: Assets/Prefabs/HeartBox.prefab
  artifactKey: Guid(ed5a5f6671cf5ec4c91dac837f1d6a9b) Importer(815301076,1909f56bfc062723c751e8b465ee728b)
Start importing Assets/Prefabs/HeartBox.prefab using Guid(ed5a5f6671cf5ec4c91dac837f1d6a9b) Importer(815301076,1909f56bfc062723c751e8b465ee728b)  -> (artifact id: '2ba243a2a15930979eb305bd8c8d1e47') in 0.017406 seconds
  Import took 0.024271 seconds .

========================================================================
Received Import Request.
  Time since last request: 0.000360 seconds.
  path: Assets/Prefabs/asteroid.prefab
  artifactKey: Guid(86eff61f7eda1bf46a34f3170c853227) Importer(815301076,1909f56bfc062723c751e8b465ee728b)
Start importing Assets/Prefabs/asteroid.prefab using Guid(86eff61f7eda1bf46a34f3170c853227) Importer(815301076,1909f56bfc062723c751e8b465ee728b)  -> (artifact id: '36f71c9421af3c573be20a967d3c5cf8') in 0.030859 seconds
  Import took 0.036138 seconds .

========================================================================
Received Import Request.
  Time since last request: 27.787598 seconds.
  path: Assets/Prefabs/BalloonGoon.prefab
  artifactKey: Guid(3b2b63900bb750745aadc3923db94df4) Importer(815301076,1909f56bfc062723c751e8b465ee728b)
Start importing Assets/Prefabs/BalloonGoon.prefab using Guid(3b2b63900bb750745aadc3923db94df4) Importer(815301076,1909f56bfc062723c751e8b465ee728b)  -> (artifact id: 'ca9b0a46af3a7d6e2aa9d3313530f63d') in 0.023494 seconds
  Import took 0.027789 seconds .

========================================================================
Received Import Request.
  Time since last request: 0.000365 seconds.
  path: Assets/Prefabs/UmbrellaGoon Variant.prefab
  artifactKey: Guid(9eea1c7733084554eac8debc353d4127) Importer(815301076,1909f56bfc062723c751e8b465ee728b)
Start importing Assets/Prefabs/UmbrellaGoon Variant.prefab using Guid(9eea1c7733084554eac8debc353d4127) Importer(815301076,1909f56bfc062723c751e8b465ee728b)  -> (artifact id: '667a844c68debc723eec06319fedf5a7') in 0.016256 seconds
  Import took 0.041241 seconds .

========================================================================
Received Import Request.
  Time since last request: 38.841924 seconds.
  path: Assets/Prefabs/UmbrellaGoon Variant.prefab
  artifactKey: Guid(9eea1c7733084554eac8debc353d4127) Importer(815301076,1909f56bfc062723c751e8b465ee728b)
Start importing Assets/Prefabs/UmbrellaGoon Variant.prefab using Guid(9eea1c7733084554eac8debc353d4127) Importer(815301076,1909f56bfc062723c751e8b465ee728b)  -> (artifact id: '3958fb811bdfb99c24296efcb324b3ce') in 0.030767 seconds
  Import took 0.035995 seconds .

========================================================================
Received Import Request.
  Time since last request: 14.215810 seconds.
  path: Assets/Prefabs/HeartBox.prefab
  artifactKey: Guid(ed5a5f6671cf5ec4c91dac837f1d6a9b) Importer(815301076,1909f56bfc062723c751e8b465ee728b)
Start importing Assets/Prefabs/HeartBox.prefab using Guid(ed5a5f6671cf5ec4c91dac837f1d6a9b) Importer(815301076,1909f56bfc062723c751e8b465ee728b)  -> (artifact id: 'eb2c22459002a158f7b2aebcb469576b') in 0.017171 seconds
  Import took 0.022857 seconds .

========================================================================
Received Import Request.
  Time since last request: 23.144471 seconds.
  path: Assets/Prefabs/Bomb.prefab
  artifactKey: Guid(7b3b402b2ad7756428c4d8e0fa450db9) Importer(815301076,1909f56bfc062723c751e8b465ee728b)
Start importing Assets/Prefabs/Bomb.prefab using Guid(7b3b402b2ad7756428c4d8e0fa450db9) Importer(815301076,1909f56bfc062723c751e8b465ee728b)  -> (artifact id: '09a0425c9c35bd84a42bc0ad25106f76') in 0.015947 seconds
  Import took 0.026848 seconds .

========================================================================
Received Prepare
Registering precompiled user dll's ...
Registered in 0.001394 seconds.
Begin MonoManager ReloadAssembly
Native extension for WindowsStandalone target not found
Native extension for WebGL target not found
Refreshing native plugins compatible for Editor in 0.49 ms, found 1 plugins.
Preloading 0 native plugins for Editor in 0.00 ms.
Invoked RoslynAnalysisRunner static constructor.
RoslynAnalysisRunner will not be running.
RoslynAnalysisRunner has terminated.
Mono: successfully reloaded assembly
- Completed reload, in  0.992 seconds
Platform modules already initialized, skipping
Refreshing native plugins compatible for Editor in 0.43 ms, found 1 plugins.
Preloading 0 native plugins for Editor in 0.00 ms.
Unloading 2103 Unused Serialized files (Serialized files now loaded: 0)
System memory in use before: 98.7 MB.
System memory in use after: 98.7 MB.

Unloading 12 unused Assets to reduce memory usage. Loaded Objects now: 2567.
Total: 2.972800 ms (FindLiveObjects: 0.254700 ms CreateObjectMapping: 0.084400 ms MarkObjects: 2.487800 ms  DeleteObjects: 0.144200 ms)

========================================================================
Received Import Request.
  Time since last request: 65.355290 seconds.
  path: Assets/Prefabs/BalloonGoon.prefab
  artifactKey: Guid(3b2b63900bb750745aadc3923db94df4) Importer(815301076,1909f56bfc062723c751e8b465ee728b)
Start importing Assets/Prefabs/BalloonGoon.prefab using Guid(3b2b63900bb750745aadc3923db94df4) Importer(815301076,1909f56bfc062723c751e8b465ee728b)  -> (artifact id: 'd809e6626f9197468b67f35b013248d4') in 0.070659 seconds
  Import took 0.077188 seconds .

========================================================================
Received Import Request.
  Time since last request: 0.000331 seconds.
  path: Assets/Prefabs/UmbrellaGoon Variant.prefab
  artifactKey: Guid(9eea1c7733084554eac8debc353d4127) Importer(815301076,1909f56bfc062723c751e8b465ee728b)
Start importing Assets/Prefabs/UmbrellaGoon Variant.prefab using Guid(9eea1c7733084554eac8debc353d4127) Importer(815301076,1909f56bfc062723c751e8b465ee728b)  -> (artifact id: '40fadbd48684c1e669aea6b1154f6137') in 0.018522 seconds
  Import took 0.196365 seconds .

========================================================================
Received Import Request.
  Time since last request: 1.821208 seconds.
  path: Assets/Prefabs/BalloonGoon.prefab
  artifactKey: Guid(3b2b63900bb750745aadc3923db94df4) Importer(815301076,1909f56bfc062723c751e8b465ee728b)
Start importing Assets/Prefabs/BalloonGoon.prefab using Guid(3b2b63900bb750745aadc3923db94df4) Importer(815301076,1909f56bfc062723c751e8b465ee728b)  -> (artifact id: 'd51b7b51b385dc1b4cb08c8f0fceda6b') in 0.026266 seconds
  Import took 0.032112 seconds .

========================================================================
Received Import Request.
  Time since last request: 0.000321 seconds.
  path: Assets/Prefabs/UmbrellaGoon Variant.prefab
  artifactKey: Guid(9eea1c7733084554eac8debc353d4127) Importer(815301076,1909f56bfc062723c751e8b465ee728b)
Start importing Assets/Prefabs/UmbrellaGoon Variant.prefab using Guid(9eea1c7733084554eac8debc353d4127) Importer(815301076,1909f56bfc062723c751e8b465ee728b)  -> (artifact id: '45cd1d235147188900bfe8bb5d00e57d') in 0.024383 seconds
  Import took 0.032620 seconds .

========================================================================
Received Import Request.
  Time since last request: 42.256045 seconds.
  path: Assets/Prefabs/HeartBox.prefab
  artifactKey: Guid(ed5a5f6671cf5ec4c91dac837f1d6a9b) Importer(815301076,1909f56bfc062723c751e8b465ee728b)
Start importing Assets/Prefabs/HeartBox.prefab using Guid(ed5a5f6671cf5ec4c91dac837f1d6a9b) Importer(815301076,1909f56bfc062723c751e8b465ee728b)  -> (artifact id: '7fd248975bc4d2092a94c974a303c2e6') in 0.013316 seconds
  Import took 0.017079 seconds .

========================================================================
Received Import Request.
  Time since last request: 12.954638 seconds.
  path: Assets/Prefabs/Bomb.prefab
  artifactKey: Guid(7b3b402b2ad7756428c4d8e0fa450db9) Importer(815301076,1909f56bfc062723c751e8b465ee728b)
Start importing Assets/Prefabs/Bomb.prefab using Guid(7b3b402b2ad7756428c4d8e0fa450db9) Importer(815301076,1909f56bfc062723c751e8b465ee728b)  -> (artifact id: '197bb45a726d49008b7a5455c6c74617') in 0.017272 seconds
  Import took 0.021575 seconds .

========================================================================
Received Prepare
Registering precompiled user dll's ...
Registered in 0.001172 seconds.
Begin MonoManager ReloadAssembly
Native extension for WindowsStandalone target not found
Native extension for WebGL target not found
Refreshing native plugins compatible for Editor in 0.42 ms, found 1 plugins.
Preloading 0 native plugins for Editor in 0.00 ms.
Invoked RoslynAnalysisRunner static constructor.
RoslynAnalysisRunner will not be running.
RoslynAnalysisRunner has terminated.
Mono: successfully reloaded assembly
- Completed reload, in  1.226 seconds
Platform modules already initialized, skipping
Refreshing native plugins compatible for Editor in 0.49 ms, found 1 plugins.
Preloading 0 native plugins for Editor in 0.00 ms.
Unloading 2103 Unused Serialized files (Serialized files now loaded: 0)
System memory in use before: 98.7 MB.
System memory in use after: 98.7 MB.

Unloading 12 unused Assets to reduce memory usage. Loaded Objects now: 2571.
Total: 3.017400 ms (FindLiveObjects: 0.296700 ms CreateObjectMapping: 0.186200 ms MarkObjects: 2.397200 ms  DeleteObjects: 0.135700 ms)

========================================================================
Received Prepare
Registering precompiled user dll's ...
Registered in 0.001931 seconds.
Begin MonoManager ReloadAssembly
Native extension for WindowsStandalone target not found
Native extension for WebGL target not found
Refreshing native plugins compatible for Editor in 0.39 ms, found 1 plugins.
Preloading 0 native plugins for Editor in 0.00 ms.
Invoked RoslynAnalysisRunner static constructor.
RoslynAnalysisRunner will not be running.
RoslynAnalysisRunner has terminated.
Mono: successfully reloaded assembly
- Completed reload, in  1.005 seconds
Platform modules already initialized, skipping
Refreshing native plugins compatible for Editor in 0.40 ms, found 1 plugins.
Preloading 0 native plugins for Editor in 0.00 ms.
Unloading 2103 Unused Serialized files (Serialized files now loaded: 0)
System memory in use before: 98.7 MB.
System memory in use after: 98.7 MB.

Unloading 12 unused Assets to reduce memory usage. Loaded Objects now: 2574.
Total: 2.101600 ms (FindLiveObjects: 0.180200 ms CreateObjectMapping: 0.064600 ms MarkObjects: 1.722800 ms  DeleteObjects: 0.132700 ms)

========================================================================
Received Prepare
Registering precompiled user dll's ...
Registered in 0.002463 seconds.
Begin MonoManager ReloadAssembly
Native extension for WindowsStandalone target not found
Native extension for WebGL target not found
Refreshing native plugins compatible for Editor in 0.37 ms, found 1 plugins.
Preloading 0 native plugins for Editor in 0.00 ms.
Invoked RoslynAnalysisRunner static constructor.
RoslynAnalysisRunner will not be running.
RoslynAnalysisRunner has terminated.
Mono: successfully reloaded assembly
- Completed reload, in  0.982 seconds
Platform modules already initialized, skipping
Refreshing native plugins compatible for Editor in 0.38 ms, found 1 plugins.
Preloading 0 native plugins for Editor in 0.00 ms.
Unloading 2103 Unused Serialized files (Serialized files now loaded: 0)
System memory in use before: 98.8 MB.
System memory in use after: 98.8 MB.

Unloading 12 unused Assets to reduce memory usage. Loaded Objects now: 2577.
Total: 3.464200 ms (FindLiveObjects: 0.272900 ms CreateObjectMapping: 0.103600 ms MarkObjects: 2.982200 ms  DeleteObjects: 0.104100 ms)

========================================================================
Received Prepare
Registering precompiled user dll's ...
Registered in 0.001863 seconds.
Begin MonoManager ReloadAssembly
Native extension for WindowsStandalone target not found
Native extension for WebGL target not found
Refreshing native plugins compatible for Editor in 0.37 ms, found 1 plugins.
Preloading 0 native plugins for Editor in 0.00 ms.
Invoked RoslynAnalysisRunner static constructor.
RoslynAnalysisRunner will not be running.
RoslynAnalysisRunner has terminated.
Mono: successfully reloaded assembly
- Completed reload, in  0.919 seconds
Platform modules already initialized, skipping
Refreshing native plugins compatible for Editor in 0.38 ms, found 1 plugins.
Preloading 0 native plugins for Editor in 0.00 ms.
Unloading 2103 Unused Serialized files (Serialized files now loaded: 0)
System memory in use before: 98.8 MB.
System memory in use after: 98.8 MB.

Unloading 12 unused Assets to reduce memory usage. Loaded Objects now: 2580.
Total: 2.421900 ms (FindLiveObjects: 0.259800 ms CreateObjectMapping: 0.094800 ms MarkObjects: 1.950700 ms  DeleteObjects: 0.115200 ms)

========================================================================
Received Import Request.
  Time since last request: 410.321395 seconds.
  path: Assets/Prefabs/BalloonGoon.prefab
  artifactKey: Guid(3b2b63900bb750745aadc3923db94df4) Importer(815301076,1909f56bfc062723c751e8b465ee728b)
Start importing Assets/Prefabs/BalloonGoon.prefab using Guid(3b2b63900bb750745aadc3923db94df4) Importer(815301076,1909f56bfc062723c751e8b465ee728b)  -> (artifact id: '0a2a831c660e31f08c1be96f801d9b57') in 0.072679 seconds
  Import took 0.077028 seconds .

========================================================================
Received Import Request.
  Time since last request: 0.000263 seconds.
  path: Assets/Prefabs/UmbrellaGoon Variant.prefab
  artifactKey: Guid(9eea1c7733084554eac8debc353d4127) Importer(815301076,1909f56bfc062723c751e8b465ee728b)
Start importing Assets/Prefabs/UmbrellaGoon Variant.prefab using Guid(9eea1c7733084554eac8debc353d4127) Importer(815301076,1909f56bfc062723c751e8b465ee728b)  -> (artifact id: 'e9a9105a6560127f9d0bcba877860b01') in 0.031101 seconds
  Import took 0.036350 seconds .

========================================================================
Received Prepare
Registering precompiled user dll's ...
Registered in 0.001576 seconds.
Begin MonoManager ReloadAssembly
Native extension for WindowsStandalone target not found
Native extension for WebGL target not found
Refreshing native plugins compatible for Editor in 0.39 ms, found 1 plugins.
Preloading 0 native plugins for Editor in 0.00 ms.
Invoked RoslynAnalysisRunner static constructor.
RoslynAnalysisRunner will not be running.
RoslynAnalysisRunner has terminated.
Mono: successfully reloaded assembly
- Completed reload, in  0.998 seconds
Platform modules already initialized, skipping
Refreshing native plugins compatible for Editor in 0.39 ms, found 1 plugins.
Preloading 0 native plugins for Editor in 0.00 ms.
Unloading 2103 Unused Serialized files (Serialized files now loaded: 0)
System memory in use before: 98.8 MB.
System memory in use after: 98.8 MB.

Unloading 12 unused Assets to reduce memory usage. Loaded Objects now: 2584.
Total: 2.596800 ms (FindLiveObjects: 0.329000 ms CreateObjectMapping: 0.156000 ms MarkObjects: 1.982100 ms  DeleteObjects: 0.128300 ms)

========================================================================
Received Prepare
Registering precompiled user dll's ...
Registered in 0.001163 seconds.
Begin MonoManager ReloadAssembly
Native extension for WindowsStandalone target not found
Native extension for WebGL target not found
Refreshing native plugins compatible for Editor in 0.52 ms, found 1 plugins.
Preloading 0 native plugins for Editor in 0.00 ms.
Invoked RoslynAnalysisRunner static constructor.
RoslynAnalysisRunner will not be running.
RoslynAnalysisRunner has terminated.
Mono: successfully reloaded assembly
- Completed reload, in  0.962 seconds
Platform modules already initialized, skipping
Refreshing native plugins compatible for Editor in 0.39 ms, found 1 plugins.
Preloading 0 native plugins for Editor in 0.00 ms.
Unloading 2103 Unused Serialized files (Serialized files now loaded: 0)
System memory in use before: 98.8 MB.
System memory in use after: 98.8 MB.

Unloading 12 unused Assets to reduce memory usage. Loaded Objects now: 2587.
Total: 2.554500 ms (FindLiveObjects: 0.251000 ms CreateObjectMapping: 0.092000 ms MarkObjects: 2.102200 ms  DeleteObjects: 0.107600 ms)

========================================================================
Received Prepare
Registering precompiled user dll's ...
Registered in 0.001215 seconds.
Begin MonoManager ReloadAssembly
Native extension for WindowsStandalone target not found
Native extension for WebGL target not found
Refreshing native plugins compatible for Editor in 0.60 ms, found 1 plugins.
Preloading 0 native plugins for Editor in 0.00 ms.
Invoked RoslynAnalysisRunner static constructor.
RoslynAnalysisRunner will not be running.
RoslynAnalysisRunner has terminated.
Mono: successfully reloaded assembly
- Completed reload, in  1.047 seconds
Platform modules already initialized, skipping
Refreshing native plugins compatible for Editor in 0.43 ms, found 1 plugins.
Preloading 0 native plugins for Editor in 0.00 ms.
Unloading 2103 Unused Serialized files (Serialized files now loaded: 0)
System memory in use before: 98.8 MB.
System memory in use after: 98.8 MB.

Unloading 12 unused Assets to reduce memory usage. Loaded Objects now: 2590.
Total: 2.715200 ms (FindLiveObjects: 0.378000 ms CreateObjectMapping: 0.122900 ms MarkObjects: 2.033400 ms  DeleteObjects: 0.180000 ms)

AssetImportWorkerClient::OnTransportError - code=2 error=End of file
